GAS LISTING /tmp/ccw85JrM.s 			page 1


   1              		.file	"userMain.cpp"
   2              		.option pic
   3              		.option norelax
   4              		.text
   5              	.Ltext0:
   6              		.align	2
   7              		.globl	_Z8userMainv
   9              	_Z8userMainv:
  10              	.LFB0:
  11              		.file 1 "src/userMain.cpp"
   1:src/userMain.cpp **** //
   2:src/userMain.cpp **** // Created by os on 5/27/23.
   3:src/userMain.cpp **** //
   4:src/userMain.cpp **** #include "../h/userMain.hpp"
   5:src/userMain.cpp **** #include "../test/Threads_C_API_test.hpp"
   6:src/userMain.cpp **** #include "../test/Threads_C_API_test.hpp"
   7:src/userMain.cpp **** #include "../test/System_Mode_test.hpp"
   8:src/userMain.cpp **** #include "../test/Threads_CPP_API_test.hpp"
   9:src/userMain.cpp **** #include "../test/ConsumerProducer_C_API_test.hpp"
  10:src/userMain.cpp **** #include "../test/ThreadSleep_C_API_test.hpp"
  11:src/userMain.cpp **** #include "../test/ConsumerProducer_CPP_Sync_API_test.hpp"
  12:src/userMain.cpp **** #include "../test/ConsumerProducer_CPP_API_test.hpp"
  13:src/userMain.cpp **** 
  14:src/userMain.cpp **** void userMain(){
  12              		.loc 1 14 16
  13              		.cfi_startproc
  14 0000 130101FF 		addi	sp,sp,-16
  15              		.cfi_def_cfa_offset 16
  16 0004 23341100 		sd	ra,8(sp)
  17 0008 23308100 		sd	s0,0(sp)
  18              		.cfi_offset 1, -8
  19              		.cfi_offset 8, -16
  20 000c 13040101 		addi	s0,sp,16
  21              		.cfi_def_cfa 8, 0
  15:src/userMain.cpp ****     //Threads_C_API_test();
  16:src/userMain.cpp ****     //System_Mode_test();
  17:src/userMain.cpp ****     //Threads_CPP_API_test();
  18:src/userMain.cpp ****     //producerConsumer_C_API();
  19:src/userMain.cpp ****     //producerConsumer_CPP_Sync_API();
  20:src/userMain.cpp ****     //testSleeping();
  21:src/userMain.cpp ****     testConsumerProducer();
  22              		.loc 1 21 5
  23              		.loc 1 21 25 is_stmt 0
  24 0010 97000000 		call	_Z20testConsumerProducerv@plt
  24      E7800000 
  25              	.LVL0:
  22:src/userMain.cpp **** }...
  26              		.loc 1 22 1
  27 0018 83308100 		ld	ra,8(sp)
  28              		.cfi_restore 1
  29 001c 03340100 		ld	s0,0(sp)
  30              		.cfi_restore 8
  31              		.cfi_def_cfa 2, 16
  32 0020 13010101 		addi	sp,sp,16
  33              		.cfi_def_cfa_offset 0
  34 0024 67800000 		jr	ra
  35              		.cfi_endproc
GAS LISTING /tmp/ccw85JrM.s 			page 2


  36              	.LFE0:
  38              	.Letext0:
  39              		.file 2 "src/../test/ConsumerProducer_CPP_API_test.hpp"
GAS LISTING /tmp/ccw85JrM.s 			page 3


DEFINED SYMBOLS
                            *ABS*:0000000000000000 userMain.cpp
     /tmp/ccw85JrM.s:9      .text:0000000000000000 _Z8userMainv
     /tmp/ccw85JrM.s:13     .text:0000000000000000 .L0 
     /tmp/ccw85JrM.s:14     .text:0000000000000000 .L0 
     /tmp/ccw85JrM.s:15     .text:0000000000000004 .L0 
     /tmp/ccw85JrM.s:18     .text:000000000000000c .L0 
     /tmp/ccw85JrM.s:19     .text:000000000000000c .L0 
     /tmp/ccw85JrM.s:21     .text:0000000000000010 .L0 
     /tmp/ccw85JrM.s:23     .text:0000000000000010 .L0 
     /tmp/ccw85JrM.s:24     .text:0000000000000010 .L0 
     /tmp/ccw85JrM.s:27     .text:0000000000000018 .L0 
     /tmp/ccw85JrM.s:28     .text:000000000000001c .L0 
     /tmp/ccw85JrM.s:30     .text:0000000000000020 .L0 
     /tmp/ccw85JrM.s:31     .text:0000000000000020 .L0 
     /tmp/ccw85JrM.s:33     .text:0000000000000024 .L0 
     /tmp/ccw85JrM.s:35     .text:0000000000000028 .L0 
     /tmp/ccw85JrM.s:40     .text:0000000000000028 .L0 
     /tmp/ccw85JrM.s:77     .debug_abbrev:0000000000000000 .Ldebug_abbrev0
     /tmp/ccw85JrM.s:168    .debug_str:0000000000000000 .LASF0
     /tmp/ccw85JrM.s:174    .debug_str:0000000000000101 .LASF1
     /tmp/ccw85JrM.s:172    .debug_str:00000000000000de .LASF2
     /tmp/ccw85JrM.s:5      .text:0000000000000000 .Ltext0
     /tmp/ccw85JrM.s:38     .text:0000000000000028 .Letext0
     /tmp/ccw85JrM.s:166    .debug_line:0000000000000000 .Ldebug_line0
     /tmp/ccw85JrM.s:176    .debug_str:0000000000000112 .LASF3
     /tmp/ccw85JrM.s:178    .debug_str:000000000000011b .LASF4
     /tmp/ccw85JrM.s:10     .text:0000000000000000 .LFB0
     /tmp/ccw85JrM.s:36     .text:0000000000000028 .LFE0
     /tmp/ccw85JrM.s:25     .text:0000000000000018 .LVL0
     /tmp/ccw85JrM.s:170    .debug_str:00000000000000c4 .LASF5
     /tmp/ccw85JrM.s:180    .debug_str:0000000000000128 .LASF6
     /tmp/ccw85JrM.s:41     .debug_info:0000000000000000 .Ldebug_info0

UNDEFINED SYMBOLS
_Z20testConsumerProducerv
